[2026-06-12T10:17:41.656Z] run v2
selfHealingCallbackFunction locked
setAppPath: G:\redbook\resources\app.asar
require start
[blocked] app.exit(0)
require returned
waiting
app event: ready
browser-window-created id= 1
forced show
ready-to-show
did-finish-load app://dap-electron.collegeboard.org/
mods injected (224471 bytes)
mods injected (224471 bytes)
mods injected (224471 bytes)
Insert hotkey fired
Insert hotkey fired
Insert hotkey fired
Insert hotkey fired
[blocked] app.quit() |     at app.quit (G:\redbook\_run.js:44:80) |     at EventEmitter.<anonymous> (node:electron/js2c/browser_init:2:141376)
