[2026-06-11T04:43:50.635Z] probe v1
selfHealingCallbackFunction locked to noop
Function.prototype.toString hooked
require start
ts#1 name=charCodeAt len=39 from=at c9yT8 (F:\app_extracted\main\index.js:1:16163) src="function charCodeAt() { [native code] }"
ts#2 name=fromCharCode len=41 from=at c9yT8 (F:\app_extracted\main\index.js:1:17789) src="function fromCharCode() { [native code] }"
ts#3 name=replace len=36 from=at c9yT8 (F:\app_extracted\main\index.js:1:18889) src="function replace() { [native code] }"
ts#4 name=<anon> len=522 from=at RegExp.test (<anonymous>) src="function() {\n  const result = origToString.call(this);\n  if (__tsCalls++ < __tsMax) {\n    const name..."
ts#5 name=c9yT8 len=21651 from=at c9yT8 (F:\app_extracted\main\index.js:1:22540) src="function c9yT8(K9fY,l9zr){function I$wQ(L_Fz){var L_Nz=2;for(;L_Nz !== 69;){switch(L_Nz){case 60:L_N..."
ts#6 name=charCodeAt len=39 from=at J86f6o (F:\app_extracted\main\index.js:1:42917) src="function charCodeAt() { [native code] }"
ts#7 name=fromCharCode len=41 from=at J86f6o (F:\app_extracted\main\index.js:1:43733) src="function fromCharCode() { [native code] }"
ts#8 name=replace len=36 from=at J86f6o (F:\app_extracted\main\index.js:1:44847) src="function replace() { [native code] }"
ts#9 name=<anon> len=522 from=at RegExp.test (<anonymous>) src="function() {\n  const result = origToString.call(this);\n  if (__tsCalls++ < __tsMax) {\n    const name..."
ts#10 name=J86f6o len=25802 from=at J86f6o (F:\app_extracted\main\index.js:1:49550) src="function J86f6o(c_cn,N2ee){function s9_R(v2Q2){var G7kN=2;for(;G7kN !== 69;){switch(G7kN){case 15:P_..."
ts#11 name=charCodeAt len=39 from=at i8XqfY (F:\app_extracted\main\index.js:1:63190) src="function charCodeAt() { [native code] }"
ts#12 name=fromCharCode len=41 from=at i8XqfY (F:\app_extracted\main\index.js:1:64522) src="function fromCharCode() { [native code] }"
ts#13 name=replace len=36 from=at i8XqfY (F:\app_extracted\main\index.js:1:65938) src="function replace() { [native code] }"
ts#14 name=<anon> len=522 from=at RegExp.test (<anonymous>) src="function() {\n  const result = origToString.call(this);\n  if (__tsCalls++ < __tsMax) {\n    const name..."
ts#15 name=i8XqfY len=20557 from=at i8XqfY (F:\app_extracted\main\index.js:1:69596) src="function i8XqfY(E$uL,d77L){function h$zW(t5Q8){var p0ZK=2;for(;p0ZK !== 69;){switch(p0ZK){case 9:ret..."
ts#16 name=charCodeAt len=39 from=at B0n3R4 (F:\app_extracted\main\index.js:1:87462) src="function charCodeAt() { [native code] }"
ts#17 name=fromCharCode len=41 from=at B0n3R4 (F:\app_extracted\main\index.js:1:88290) src="function fromCharCode() { [native code] }"
ts#18 name=replace len=36 from=at B0n3R4 (F:\app_extracted\main\index.js:1:89414) src="function replace() { [native code] }"
ts#19 name=<anon> len=522 from=at RegExp.test (<anonymous>) src="function() {\n  const result = origToString.call(this);\n  if (__tsCalls++ < __tsMax) {\n    const name..."
ts#20 name=B0n3R4 len=23474 from=at B0n3R4 (F:\app_extracted\main\index.js:1:94153) src="function B0n3R4(C0n3,i_hI){function Z22f(E$cz){var K6yL=2;for(;K6yL !== 69;){switch(K6yL){case 6:ret..."
ts#21 name=charCodeAt len=39 from=at F1f4N0 (F:\app_extracted\main\index.js:1:111161) src="function charCodeAt() { [native code] }"
ts#22 name=fromCharCode len=41 from=at F1f4N0 (F:\app_extracted\main\index.js:1:111973) src="function fromCharCode() { [native code] }"
ts#23 name=replace len=36 from=at F1f4N0 (F:\app_extracted\main\index.js:1:113417) src="function replace() { [native code] }"
ts#24 name=<anon> len=522 from=at RegExp.test (<anonymous>) src="function() {\n  const result = origToString.call(this);\n  if (__tsCalls++ < __tsMax) {\n    const name..."
ts#25 name=F1f4N0 len=23321 from=at F1f4N0 (F:\app_extracted\main\index.js:1:117850) src="function F1f4N0(W18F,d7rL){function P8vA(E3l6){var d4NH=2;for(;d4NH !== 69;){switch(d4NH){case 6:ret..."
ts#26 name=charCodeAt len=39 from=at F9Dug5 (F:\app_extracted\main\index.js:1:134637) src="function charCodeAt() { [native code] }"
ts#27 name=fromCharCode len=41 from=at F9Dug5 (F:\app_extracted\main\index.js:1:136057) src="function fromCharCode() { [native code] }"
ts#28 name=replace len=36 from=at F9Dug5 (F:\app_extracted\main\index.js:1:136899) src="function replace() { [native code] }"
ts#29 name=<anon> len=522 from=at RegExp.test (<anonymous>) src="function() {\n  const result = origToString.call(this);\n  if (__tsCalls++ < __tsMax) {\n    const name..."
ts#30 name=F9Dug5 len=23430 from=at F9Dug5 (F:\app_extracted\main\index.js:1:141656) src="function F9Dug5(e2R4,x4Q9){function c82L(P1PY){var n5Sl=2;for(;n5Sl !== 69;){switch(n5Sl){case 14:va..."
ts#31 name=charCodeAt len=39 from=at c0zuRY (F:\app_extracted\main\index.js:1:158881) src="function charCodeAt() { [native code] }"
ts#32 name=fromCharCode len=41 from=at c0zuRY (F:\app_extracted\main\index.js:1:160011) src="function fromCharCode() { [native code] }"
ts#33 name=replace len=36 from=at c0zuRY (F:\app_extracted\main\index.js:1:160837) src="function replace() { [native code] }"
ts#34 name=<anon> len=522 from=at RegExp.test (<anonymous>) src="function() {\n  const result = origToString.call(this);\n  if (__tsCalls++ < __tsMax) {\n    const name..."
ts#35 name=c0zuRY len=23492 from=at c0zuRY (F:\app_extracted\main\index.js:1:165550) src="function c0zuRY(V_hi,S7F2){function g9db(V8QC){var z6SK=2;for(;z6SK !== 69;){switch(z6SK){case 33:re..."
ts#36 name=charCodeAt len=39 from=at a2$ewA (F:\app_extracted\main\index.js:1:182970) src="function charCodeAt() { [native code] }"
ts#37 name=fromCharCode len=41 from=at a2$ewA (F:\app_extracted\main\index.js:1:183794) src="function fromCharCode() { [native code] }"
ts#38 name=replace len=36 from=at a2$ewA (F:\app_extracted\main\index.js:1:185216) src="function replace() { [native code] }"
ts#39 name=<anon> len=522 from=at RegExp.test (<anonymous>) src="function() {\n  const result = origToString.call(this);\n  if (__tsCalls++ < __tsMax) {\n    const name..."
ts#40 name=a2$ewA len=23627 from=at a2$ewA (F:\app_extracted\main\index.js:1:189651) src="function a2$ewA(t7Zj,y6bl){function v_Ts(u0VV){var x3dp=2;for(;x3dp !== 69;){switch(x3dp){case 32:va..."
ts#41 name=charCodeAt len=39 from=at F0n9Pf (F:\app_extracted\main\index.js:1:206823) src="function charCodeAt() { [native code] }"
ts#42 name=fromCharCode len=41 from=at F0n9Pf (F:\app_extracted\main\index.js:1:207951) src="function fromCharCode() { [native code] }"
ts#43 name=replace len=36 from=at F0n9Pf (F:\app_extracted\main\index.js:1:209379) src="function replace() { [native code] }"
ts#44 name=<anon> len=522 from=at RegExp.test (<anonymous>) src="function() {\n  const result = origToString.call(this);\n  if (__tsCalls++ < __tsMax) {\n    const name..."
ts#45 name=F0n9Pf len=23825 from=at F0n9Pf (F:\app_extracted\main\index.js:1:213822) src="function F0n9Pf(L2$p,Y$Mf){function M22q(u4kj){var o0QF=2;for(;o0QF !== 69;){switch(o0QF){case 45:V3..."
ts#46 name=charCodeAt len=39 from=at b7hW_A (F:\app_extracted\main\index.js:1:230723) src="function charCodeAt() { [native code] }"
ts#47 name=fromCharCode len=41 from=at b7hW_A (F:\app_extracted\main\index.js:1:231531) src="function fromCharCode() { [native code] }"
ts#48 name=replace len=36 from=at b7hW_A (F:\app_extracted\main\index.js:1:232657) src="function replace() { [native code] }"
ts#49 name=<anon> len=522 from=at RegExp.test (<anonymous>) src="function() {\n  const result = origToString.call(this);\n  if (__tsCalls++ < __tsMax) {\n    const name..."
ts#50 name=b7hW_A len=23284 from=at b7hW_A (F:\app_extracted\main\index.js:1:237428) src="function b7hW_A(c2qB,M07W){function D5Ap(p1Ye){var n17o=2;for(;n17o !== 69;){switch(n17o){case 20:n1..."
ts#51 name=charCodeAt len=39 from=at o7ouex (F:\app_extracted\main\index.js:1:254266) src="function charCodeAt() { [native code] }"
ts#52 name=fromCharCode len=41 from=at o7ouex (F:\app_extracted\main\index.js:1:255670) src="function fromCharCode() { [native code] }"
ts#53 name=replace len=36 from=at o7ouex (F:\app_extracted\main\index.js:1:256808) src="function replace() { [native code] }"
ts#54 name=<anon> len=522 from=at RegExp.test (<anonymous>) src="function() {\n  const result = origToString.call(this);\n  if (__tsCalls++ < __tsMax) {\n    const name..."
ts#55 name=o7ouex len=23437 from=at o7ouex (F:\app_extracted\main\index.js:1:261237) src="function o7ouex(r2GQ,F3jT){function j8sx(i4YJ){var S3Z6=2;for(;S3Z6 !== 69;){switch(S3Z6){case 14:va..."
ts#56 name=charCodeAt len=39 from=at j_oP4c (F:\app_extracted\main\index.js:1:278222) src="function charCodeAt() { [native code] }"
ts#57 name=fromCharCode len=41 from=at j_oP4c (F:\app_extracted\main\index.js:1:279042) src="function fromCharCode() { [native code] }"
ts#58 name=replace len=36 from=at j_oP4c (F:\app_extracted\main\index.js:1:280492) src="function replace() { [native code] }"
ts#59 name=<anon> len=522 from=at RegExp.test (<anonymous>) src="function() {\n  const result = origToString.call(this);\n  if (__tsCalls++ < __tsMax) {\n    const name..."
ts#60 name=j_oP4c len=23312 from=at j_oP4c (F:\app_extracted\main\index.js:1:284915) src="function j_oP4c(g_wr,E8Ht){function s3dZ(v05P){var a6l$=2;for(;a6l$ !== 69;){switch(a6l$){case 6:ret..."
ts#61 name=charCodeAt len=39 from=at v7MIyJb (F:\app_extracted\main\index.js:1:302051) src="function charCodeAt() { [native code] }"
ts#62 name=fromCharCode len=41 from=at v7MIyJb (F:\app_extracted\main\index.js:1:302875) src="function fromCharCode() { [native code] }"
ts#63 name=replace len=36 from=at v7MIyJb (F:\app_extracted\main\index.js:1:303995) src="function replace() { [native code] }"
ts#64 name=<anon> len=522 from=at RegExp.test (<anonymous>) src="function() {\n  const result = origToString.call(this);\n  if (__tsCalls++ < __tsMax) {\n    const name..."
ts#65 name=v7MIyJb len=23397 from=at v7MIyJb (F:\app_extracted\main\index.js:1:308715) src="function v7MIyJb(o$29,R3y2){function I9JH(U8$9){var H2CD=2;for(;H2CD !== 69;){switch(H2CD){case 6:re..."
ts#66 name=charCodeAt len=39 from=at j6q_oUx (F:\app_extracted\main\index.js:1:325973) src="function charCodeAt() { [native code] }"
ts#67 name=fromCharCode len=41 from=at j6q_oUx (F:\app_extracted\main\index.js:1:326789) src="function fromCharCode() { [native code] }"
ts#68 name=replace len=36 from=at j6q_oUx (F:\app_extracted\main\index.js:1:328217) src="function replace() { [native code] }"
ts#69 name=<anon> len=522 from=at RegExp.test (<anonymous>) src="function() {\n  const result = origToString.call(this);\n  if (__tsCalls++ < __tsMax) {\n    const name..."
ts#70 name=j6q_oUx len=23646 from=at j6q_oUx (F:\app_extracted\main\index.js:1:332649) src="function j6q_oUx(P4ak,D2$S){function e9rT(N_1h){var L$uU=2;for(;L$uU !== 69;){switch(L$uU){case 32:v..."
ts#71 name=charCodeAt len=39 from=at i1M6VMo (F:\app_extracted\main\index.js:1:349617) src="function charCodeAt() { [native code] }"
ts#72 name=fromCharCode len=41 from=at i1M6VMo (F:\app_extracted\main\index.js:1:350725) src="function fromCharCode() { [native code] }"
ts#73 name=replace len=36 from=at i1M6VMo (F:\app_extracted\main\index.js:1:351859) src="function replace() { [native code] }"
ts#74 name=<anon> len=522 from=at RegExp.test (<anonymous>) src="function() {\n  const result = origToString.call(this);\n  if (__tsCalls++ < __tsMax) {\n    const name..."
ts#75 name=i1M6VMo len=23298 from=at i1M6VMo (F:\app_extracted\main\index.js:1:356321) src="function i1M6VMo(e7cY,D$kN){function y9Dl(J3OI){var C446=2;for(;C446 !== 69;){switch(C446){case 20:C..."
ts#76 name=charCodeAt len=39 from=at T9jHAAm (F:\app_extracted\main\index.js:1:373216) src="function charCodeAt() { [native code] }"
ts#77 name=fromCharCode len=41 from=at T9jHAAm (F:\app_extracted\main\index.js:1:374324) src="function fromCharCode() { [native code] }"
ts#78 name=replace len=36 from=at T9jHAAm (F:\app_extracted\main\index.js:1:375154) src="function replace() { [native code] }"
ts#79 name=<anon> len=522 from=at RegExp.test (<anonymous>) src="function() {\n  const result = origToString.call(this);\n  if (__tsCalls++ < __tsMax) {\n    const name..."
ts#80 name=T9jHAAm len=23237 from=at T9jHAAm (F:\app_extracted\main\index.js:1:379920) src="function T9jHAAm(h4Q_,s9f2){function g$38(Z8AZ){var W2gr=2;for(;W2gr !== 69;){switch(W2gr){case 43:W..."
ts#81 name=charCodeAt len=39 from=at g9xswBW (F:\app_extracted\main\index.js:1:397134) src="function charCodeAt() { [native code] }"
ts#82 name=fromCharCode len=41 from=at g9xswBW (F:\app_extracted\main\index.js:1:397946) src="function fromCharCode() { [native code] }"
ts#83 name=replace len=36 from=at g9xswBW (F:\app_extracted\main\index.js:1:399372) src="function replace() { [native code] }"
ts#84 name=<anon> len=522 from=at RegExp.test (<anonymous>) src="function() {\n  const result = origToString.call(this);\n  if (__tsCalls++ < __tsMax) {\n    const name..."
ts#85 name=g9xswBW len=23638 from=at g9xswBW (F:\app_extracted\main\index.js:1:403824) src="function g9xswBW(n2g5,o6Nw){function K_Yn(v8xC){var Q8it=2;for(;Q8it !== 69;){switch(Q8it){case 35:J..."
ts#86 name=charCodeAt len=39 from=at d_Zj89j (F:\app_extracted\main\index.js:1:421188) src="function charCodeAt() { [native code] }"
ts#87 name=fromCharCode len=41 from=at d_Zj89j (F:\app_extracted\main\index.js:1:422016) src="function fromCharCode() { [native code] }"
ts#88 name=replace len=36 from=at d_Zj89j (F:\app_extracted\main\index.js:1:423175) src="function replace() { [native code] }"
ts#89 name=<anon> len=522 from=at RegExp.test (<anonymous>) src="function() {\n  const result = origToString.call(this);\n  if (__tsCalls++ < __tsMax) {\n    const name..."
ts#90 name=d_Zj89j len=23864 from=at d_Zj89j (F:\app_extracted\main\index.js:1:427890) src="function d_Zj89j(w_xn,W_sq){function t8xv(n9vs){var P1Ku=2;for(;P1Ku !== 69;){switch(P1Ku){case 14:v..."
ts#91 name=charCodeAt len=39 from=at f9owh0d (F:\app_extracted\main\index.js:1:445302) src="function charCodeAt() { [native code] }"
ts#92 name=fromCharCode len=41 from=at f9owh0d (F:\app_extracted\main\index.js:1:446428) src="function fromCharCode() { [native code] }"
ts#93 name=replace len=36 from=at f9owh0d (F:\app_extracted\main\index.js:1:447552) src="function replace() { [native code] }"
ts#94 name=<anon> len=522 from=at RegExp.test (<anonymous>) src="function() {\n  const result = origToString.call(this);\n  if (__tsCalls++ < __tsMax) {\n    const name..."
ts#95 name=f9owh0d len=23954 from=at f9owh0d (F:\app_extracted\main\index.js:1:452314) src="function f9owh0d(n4AO,f3ud){function A948(D$1X){var y_O0=2;for(;y_O0 !== 69;){switch(y_O0){case 14:v..."
ts#96 name=charCodeAt len=39 from=at E_9cl0z (F:\app_extracted\main\index.js:1:468859) src="function charCodeAt() { [native code] }"
ts#97 name=fromCharCode len=41 from=at E_9cl0z (F:\app_extracted\main\index.js:1:470265) src="function fromCharCode() { [native code] }"
ts#98 name=replace len=36 from=at E_9cl0z (F:\app_extracted\main\index.js:1:471103) src="function replace() { [native code] }"
ts#99 name=<anon> len=522 from=at RegExp.test (<anonymous>) src="function() {\n  const result = origToString.call(this);\n  if (__tsCalls++ < __tsMax) {\n    const name..."
ts#100 name=E_9cl0z len=23293 from=at E_9cl0z (F:\app_extracted\main\index.js:1:475875) src="function E_9cl0z(q6Ld,F1Is){function t72p(e3sU){var g_11=2;for(;g_11 !== 69;){switch(g_11){case 12:g..."
ts#101 name=charCodeAt len=39 from=at C3A7hMY (F:\app_extracted\main\index.js:1:493217) src="function charCodeAt() { [native code] }"
ts#102 name=fromCharCode len=41 from=at C3A7hMY (F:\app_extracted\main\index.js:1:494033) src="function fromCharCode() { [native code] }"
ts#103 name=replace len=36 from=at C3A7hMY (F:\app_extracted\main\index.js:1:495149) src="function replace() { [native code] }"
ts#104 name=<anon> len=522 from=at RegExp.test (<anonymous>) src="function() {\n  const result = origToString.call(this);\n  if (__tsCalls++ < __tsMax) {\n    const name..."
ts#105 name=C3A7hMY len=23378 from=at C3A7hMY (F:\app_extracted\main\index.js:1:499915) src="function C3A7hMY(c5KX,x2DP){function E0zr(p$yA){var N1C_=2;for(;N1C_ !== 69;){switch(N1C_){case 20:N..."
ts#106 name=charCodeAt len=39 from=at u5nqO4w (F:\app_extracted\main\index.js:1:516893) src="function charCodeAt() { [native code] }"
ts#107 name=fromCharCode len=41 from=at u5nqO4w (F:\app_extracted\main\index.js:1:517713) src="function fromCharCode() { [native code] }"
ts#108 name=replace len=36 from=at u5nqO4w (F:\app_extracted\main\index.js:1:518835) src="function replace() { [native code] }"
ts#109 name=<anon> len=522 from=at RegExp.test (<anonymous>) src="function() {\n  const result = origToString.call(this);\n  if (__tsCalls++ < __tsMax) {\n    const name..."
ts#110 name=u5nqO4w len=23314 from=at u5nqO4w (F:\app_extracted\main\index.js:1:523627) src="function u5nqO4w(t0dl,W_aI){function M_OJ(d62C){var i1WI=2;for(;i1WI !== 69;){switch(i1WI){case 20:i..."
ts#111 name=charCodeAt len=39 from=at g_Mdt91 (F:\app_extracted\main\index.js:1:540063) src="function charCodeAt() { [native code] }"
ts#112 name=fromCharCode len=41 from=at g_Mdt91 (F:\app_extracted\main\index.js:1:541173) src="function fromCharCode() { [native code] }"
ts#113 name=replace len=36 from=at g_Mdt91 (F:\app_extracted\main\index.js:1:542305) src="function replace() { [native code] }"
ts#114 name=<anon> len=522 from=at RegExp.test (<anonymous>) src="function() {\n  const result = origToString.call(this);\n  if (__tsCalls++ < __tsMax) {\n    const name..."
ts#115 name=g_Mdt91 len=23242 from=at g_Mdt91 (F:\app_extracted\main\index.js:1:547057) src="function g_Mdt91(G9AE,E8NQ){function L$pr(H7KB){var C9FR=2;for(;C9FR !== 69;){switch(C9FR){case 10:r..."
ts#116 name=charCodeAt len=39 from=at D$o9tzx (F:\app_extracted\main\index.js:1:564207) src="function charCodeAt() { [native code] }"
ts#117 name=fromCharCode len=41 from=at D$o9tzx (F:\app_extracted\main\index.js:1:565329) src="function fromCharCode() { [native code] }"
ts#118 name=replace len=36 from=at D$o9tzx (F:\app_extracted\main\index.js:1:566441) src="function replace() { [native code] }"
ts#119 name=<anon> len=522 from=at RegExp.test (<anonymous>) src="function() {\n  const result = origToString.call(this);\n  if (__tsCalls++ < __tsMax) {\n    const name..."
ts#120 name=D$o9tzx len=23350 from=at D$o9tzx (F:\app_extracted\main\index.js:1:570895) src="function D$o9tzx(g1MW,c0Hw){function e7xc(j5TH){var r6K5=2;for(;r6K5 !== 69;){switch(r6K5){case 20:r..."
ts#121 name=charCodeAt len=39 from=at I1LIAzG (F:\app_extracted\main\index.js:1:588246) src="function charCodeAt() { [native code] }"
ts#122 name=fromCharCode len=41 from=at I1LIAzG (F:\app_extracted\main\index.js:1:589342) src="function fromCharCode() { [native code] }"
ts#123 name=replace len=36 from=at I1LIAzG (F:\app_extracted\main\index.js:1:590176) src="function replace() { [native code] }"
ts#124 name=<anon> len=522 from=at RegExp.test (<anonymous>) src="function() {\n  const result = origToString.call(this);\n  if (__tsCalls++ < __tsMax) {\n    const name..."
ts#125 name=I1LIAzG len=23505 from=at I1LIAzG (F:\app_extracted\main\index.js:1:594916) src="function I1LIAzG(W0ph,O30P){function u2qg(C7Q1){var N_md=2;for(;N_md !== 69;){switch(N_md){case 30:N..."
ts#126 name=charCodeAt len=39 from=at g8QTtXm (F:\app_extracted\main\index.js:1:611946) src="function charCodeAt() { [native code] }"
ts#127 name=fromCharCode len=41 from=at g8QTtXm (F:\app_extracted\main\index.js:1:613054) src="function fromCharCode() { [native code] }"
ts#128 name=replace len=36 from=at g8QTtXm (F:\app_extracted\main\index.js:1:614188) src="function replace() { [native code] }"
ts#129 name=<anon> len=522 from=at RegExp.test (<anonymous>) src="function() {\n  const result = origToString.call(this);\n  if (__tsCalls++ < __tsMax) {\n    const name..."
ts#130 name=g8QTtXm len=23328 from=at g8QTtXm (F:\app_extracted\main\index.js:1:618662) src="function g8QTtXm(Z$HL,T0fH){function t7cp(F4kW){var I09Z=2;for(;I09Z !== 69;){switch(I09Z){case 20:I..."
ts#131 name=charCodeAt len=39 from=at Z0iOa$N (F:\app_extracted\main\index.js:1:635860) src="function charCodeAt() { [native code] }"
ts#132 name=fromCharCode len=41 from=at Z0iOa$N (F:\app_extracted\main\index.js:1:636962) src="function fromCharCode() { [native code] }"
ts#133 name=replace len=36 from=at Z0iOa$N (F:\app_extracted\main\index.js:1:637802) src="function replace() { [native code] }"
ts#134 name=<anon> len=522 from=at RegExp.test (<anonymous>) src="function() {\n  const result = origToString.call(this);\n  if (__tsCalls++ < __tsMax) {\n    const name..."
ts#135 name=Z0iOa$N len=23520 from=at Z0iOa$N (F:\app_extracted\main\index.js:1:642546) src="function Z0iOa$N(e2WF,d2oW){function t9Q4(T8sX){var Z3Re=2;for(;Z3Re !== 69;){switch(Z3Re){case 30:Z..."
ts#136 name=charCodeAt len=39 from=at l0HzZLr (F:\app_extracted\main\index.js:1:659708) src="function charCodeAt() { [native code] }"
ts#137 name=fromCharCode len=41 from=at l0HzZLr (F:\app_extracted\main\index.js:1:660820) src="function fromCharCode() { [native code] }"
ts#138 name=replace len=36 from=at l0HzZLr (F:\app_extracted\main\index.js:1:661654) src="function replace() { [native code] }"
ts#139 name=<anon> len=522 from=at RegExp.test (<anonymous>) src="function() {\n  const result = origToString.call(this);\n  if (__tsCalls++ < __tsMax) {\n    const name..."
ts#140 name=l0HzZLr len=23456 from=at l0HzZLr (F:\app_extracted\main\index.js:1:666396) src="function l0HzZLr(V7uJ,G3L4){function Z8B0(j93S){var m$a$=2;for(;m$a$ !== 69;){switch(m$a$){case 28:Y..."
ts#141 name=charCodeAt len=39 from=at i6RKtrT (F:\app_extracted\main\index.js:1:683727) src="function charCodeAt() { [native code] }"
ts#142 name=fromCharCode len=41 from=at i6RKtrT (F:\app_extracted\main\index.js:1:684539) src="function fromCharCode() { [native code] }"
ts#143 name=replace len=36 from=at i6RKtrT (F:\app_extracted\main\index.js:1:685973) src="function replace() { [native code] }"
ts#144 name=<anon> len=522 from=at RegExp.test (<anonymous>) src="function() {\n  const result = origToString.call(this);\n  if (__tsCalls++ < __tsMax) {\n    const name..."
ts#145 name=i6RKtrT len=23585 from=at i6RKtrT (F:\app_extracted\main\index.js:1:690399) src="function i6RKtrT(r8Mb,O$Z6){function Y46t(u4g1){var w2_Q=2;for(;w2_Q !== 69;){switch(w2_Q){case 32:v..."
ts#146 name=charCodeAt len=39 from=at s7viUS1 (F:\app_extracted\main\index.js:1:707602) src="function charCodeAt() { [native code] }"
ts#147 name=fromCharCode len=41 from=at s7viUS1 (F:\app_extracted\main\index.js:1:708716) src="function fromCharCode() { [native code] }"
ts#148 name=replace len=36 from=at s7viUS1 (F:\app_extracted\main\index.js:1:709542) src="function replace() { [native code] }"
ts#149 name=<anon> len=522 from=at RegExp.test (<anonymous>) src="function() {\n  const result = origToString.call(this);\n  if (__tsCalls++ < __tsMax) {\n    const name..."
ts#150 name=s7viUS1 len=23563 from=at s7viUS1 (F:\app_extracted\main\index.js:1:714298) src="function s7viUS1(p4SL,i2UI){function p7ky(B7Pt){var E92J=2;for(;E92J !== 69;){switch(E92J){case 30:E..."
ts#151 name=charCodeAt len=39 from=at P7xsJs3 (F:\app_extracted\main\index.js:1:731287) src="function charCodeAt() { [native code] }"
ts#152 name=fromCharCode len=41 from=at P7xsJs3 (F:\app_extracted\main\index.js:1:732101) src="function fromCharCode() { [native code] }"
ts#153 name=replace len=36 from=at P7xsJs3 (F:\app_extracted\main\index.js:1:733223) src="function replace() { [native code] }"
ts#154 name=<anon> len=522 from=at RegExp.test (<anonymous>) src="function() {\n  const result = origToString.call(this);\n  if (__tsCalls++ < __tsMax) {\n    const name..."
ts#155 name=P7xsJs3 len=23193 from=at P7xsJs3 (F:\app_extracted\main\index.js:1:737963) src="function P7xsJs3(S_$Q,w$gs){function j8JI(m8bx){var X_4L=2;for(;X_4L !== 69;){switch(X_4L){case 41:R..."
ts#156 name=charCodeAt len=39 from=at b$vaCGd (F:\app_extracted\main\index.js:1:755178) src="function charCodeAt() { [native code] }"
ts#157 name=fromCharCode len=41 from=at b$vaCGd (F:\app_extracted\main\index.js:1:756292) src="function fromCharCode() { [native code] }"
ts#158 name=replace len=36 from=at b$vaCGd (F:\app_extracted\main\index.js:1:757424) src="function replace() { [native code] }"
ts#159 name=<anon> len=522 from=at RegExp.test (<anonymous>) src="function() {\n  const result = origToString.call(this);\n  if (__tsCalls++ < __tsMax) {\n    const name..."
ts#160 name=b$vaCGd len=23847 from=at b$vaCGd (F:\app_extracted\main\index.js:1:762170) src="function b$vaCGd(M5sI,T3jD){function q85c(N6Ji){var X33H=2;for(;X33H !== 69;){switch(X33H){case 25:X..."
ts#161 name=charCodeAt len=39 from=at a3JsX45 (F:\app_extracted\main\index.js:1:779254) src="function charCodeAt() { [native code] }"
ts#162 name=fromCharCode len=41 from=at a3JsX45 (F:\app_extracted\main\index.js:1:780362) src="function fromCharCode() { [native code] }"
ts#163 name=replace len=36 from=at a3JsX45 (F:\app_extracted\main\index.js:1:781496) src="function replace() { [native code] }"
ts#164 name=<anon> len=522 from=at RegExp.test (<anonymous>) src="function() {\n  const result = origToString.call(this);\n  if (__tsCalls++ < __tsMax) {\n    const name..."
ts#165 name=a3JsX45 len=23308 from=at a3JsX45 (F:\app_extracted\main\index.js:1:785958) src="function a3JsX45(j3yL,J_iH){function a78S(H1Iy){var O2mw=2;for(;O2mw !== 69;){switch(O2mw){case 20:O..."
ts#166 name=charCodeAt len=39 from=at n9sau3p (F:\app_extracted\main\index.js:1:802988) src="function charCodeAt() { [native code] }"
ts#167 name=fromCharCode len=41 from=at n9sau3p (F:\app_extracted\main\index.js:1:803798) src="function fromCharCode() { [native code] }"
ts#168 name=replace len=36 from=at n9sau3p (F:\app_extracted\main\index.js:1:805230) src="function replace() { [native code] }"
ts#169 name=<anon> len=522 from=at RegExp.test (<anonymous>) src="function() {\n  const result = origToString.call(this);\n  if (__tsCalls++ < __tsMax) {\n    const name..."
ts#170 name=n9sau3p len=23352 from=at n9sau3p (F:\app_extracted\main\index.js:1:809670) src="function n9sau3p(J46j,k42K){function a_uA(Q78A){var l9Vp=2;for(;l9Vp !== 69;){switch(l9Vp){case 6:re..."
ts#171 name=charCodeAt len=39 from=at j3JmsJ6 (F:\app_extracted\main\index.js:1:827745) src="function charCodeAt() { [native code] }"
ts#172 name=fromCharCode len=41 from=at j3JmsJ6 (F:\app_extracted\main\index.js:1:828557) src="function fromCharCode() { [native code] }"
ts#173 name=replace len=36 from=at j3JmsJ6 (F:\app_extracted\main\index.js:1:829989) src="function replace() { [native code] }"
ts#174 name=<anon> len=522 from=at RegExp.test (<anonymous>) src="function() {\n  const result = origToString.call(this);\n  if (__tsCalls++ < __tsMax) {\n    const name..."
ts#175 name=j3JmsJ6 len=23350 from=at j3JmsJ6 (F:\app_extracted\main\index.js:1:834431) src="function j3JmsJ6(V1hh,j8ks){function D3Xt(E5wd){var h2aE=2;for(;h2aE !== 69;){switch(h2aE){case 6:re..."
ts#176 name=charCodeAt len=39 from=at l9l0HJR (F:\app_extracted\main\index.js:1:851527) src="function charCodeAt() { [native code] }"
ts#177 name=fromCharCode len=41 from=at l9l0HJR (F:\app_extracted\main\index.js:1:852637) src="function fromCharCode() { [native code] }"
ts#178 name=replace len=36 from=at l9l0HJR (F:\app_extracted\main\index.js:1:854061) src="function replace() { [native code] }"
ts#179 name=<anon> len=522 from=at RegExp.test (<anonymous>) src="function() {\n  const result = origToString.call(this);\n  if (__tsCalls++ < __tsMax) {\n    const name..."
ts#180 name=l9l0HJR len=23664 from=at l9l0HJR (F:\app_extracted\main\index.js:1:858533) src="function l9l0HJR(e1ks,y5nz){function W3sz(K4EZ){var G7PY=2;for(;G7PY !== 69;){switch(G7PY){case 35:Z..."
ts#181 name=charCodeAt len=39 from=at o2cBTpd (F:\app_extracted\main\index.js:1:875744) src="function charCodeAt() { [native code] }"
ts#182 name=fromCharCode len=41 from=at o2cBTpd (F:\app_extracted\main\index.js:1:877180) src="function fromCharCode() { [native code] }"
ts#183 name=replace len=36 from=at o2cBTpd (F:\app_extracted\main\index.js:1:878312) src="function replace() { [native code] }"
ts#184 name=<anon> len=522 from=at RegExp.test (<anonymous>) src="function() {\n  const result = origToString.call(this);\n  if (__tsCalls++ < __tsMax) {\n    const name..."
ts#185 name=o2cBTpd len=23851 from=at o2cBTpd (F:\app_extracted\main\index.js:1:882768) src="function o2cBTpd(B47_,t36R){function q2p1(T6sL){var F685=2;for(;F685 !== 69;){switch(F685){case 7:F6..."
ts#186 name=charCodeAt len=39 from=at R7PQygC (F:\app_extracted\main\index.js:1:900271) src="function charCodeAt() { [native code] }"
ts#187 name=fromCharCode len=41 from=at R7PQygC (F:\app_extracted\main\index.js:1:901405) src="function fromCharCode() { [native code] }"
ts#188 name=replace len=36 from=at R7PQygC (F:\app_extracted\main\index.js:1:902533) src="function replace() { [native code] }"
ts#189 name=<anon> len=522 from=at RegExp.test (<anonymous>) src="function() {\n  const result = origToString.call(this);\n  if (__tsCalls++ < __tsMax) {\n    const name..."
ts#190 name=R7PQygC len=23835 from=at R7PQygC (F:\app_extracted\main\index.js:1:906979) src="function R7PQygC(D57P,Z3_P){function T28i(L21y){var T4DQ=2;for(;T4DQ !== 69;){switch(T4DQ){case 59:X..."
ts#191 name=charCodeAt len=39 from=at E3HAS3r (F:\app_extracted\main\index.js:1:924013) src="function charCodeAt() { [native code] }"
ts#192 name=fromCharCode len=41 from=at E3HAS3r (F:\app_extracted\main\index.js:1:925133) src="function fromCharCode() { [native code] }"
ts#193 name=replace len=36 from=at E3HAS3r (F:\app_extracted\main\index.js:1:926257) src="function replace() { [native code] }"
ts#194 name=<anon> len=522 from=at RegExp.test (<anonymous>) src="function() {\n  const result = origToString.call(this);\n  if (__tsCalls++ < __tsMax) {\n    const name..."
ts#195 name=E3HAS3r len=23310 from=at E3HAS3r (F:\app_extracted\main\index.js:1:930715) src="function E3HAS3r(O9eJ,M93z){function s1fu(O6k1){var G84_=2;for(;G84_ !== 69;){switch(G84_){case 20:G..."
ts#196 name=charCodeAt len=39 from=at l3N81V5 (F:\app_extracted\main\index.js:1:947891) src="function charCodeAt() { [native code] }"
ts#197 name=fromCharCode len=41 from=at l3N81V5 (F:\app_extracted\main\index.js:1:948711) src="function fromCharCode() { [native code] }"
ts#198 name=replace len=36 from=at l3N81V5 (F:\app_extracted\main\index.js:1:950145) src="function replace() { [native code] }"
ts#199 name=<anon> len=522 from=at RegExp.test (<anonymous>) src="function() {\n  const result = origToString.call(this);\n  if (__tsCalls++ < __tsMax) {\n    const name..."
ts#200 name=l3N81V5 len=23480 from=at l3N81V5 (F:\app_extracted\main\index.js:1:954593) src="function l3N81V5(I_KH,b6BU){function B8GH(n1qt){var m_Q2=2;for(;m_Q2 !== 69;){switch(m_Q2){case 28:O..."
[blocked] app.exit(0)
require returned
waiting
app event: ready
[blocked] app.quit()     at app.quit (F:\app_extracted\_probe.js:20:48) |     at v4KM (F:\app_extracted\main\index.js:7:3433000)
SUPPRESSED dialog: An Unexpected Error Occured | An unexpected error occured, closing the app.
[blocked] app.exit(1)
