[2026-06-11T03:24:10.401Z] wrapper boot v2
wrapper installed, loading main/index.js
[blocked] app.exit( 0 ) from
 Error
    at app.exit (F:\app_extracted\_trace.js:20:69)
    at c5sf (F:\app_extracted\main\index.js:7:3342416)
    at 56350 (F:\app_extracted\main\index.js:349:535932)
    at x8DO (F:\app_extracted\main\index.js:349:643988)
    at F:\app_extracted\main\index.js:349:644696
    at F:\app_extracted\main\index.js:349:644733
    at Object.<anonymous> (F:\app_extracted\main\index.js:349:644738)
    at Module._compile (node:internal/modules/cjs/loader:1713:14)
    at Module._extensions..js (node:internal/modules/cjs/loader:1847:10)
    at Module.load (node:internal/modules/cjs/loader:1448:32)
main/index.js require() returned synchronously
require finished — waiting for events
event: ready
[blocked] app.quit() from
 Error
    at app.quit (F:\app_extracted\_trace.js:21:55)
    at v4KM (F:\app_extracted\main\index.js:7:3433000)
    at u6tO (F:\app_extracted\main\index.js:7:3370007)
    at u6tO.next (<anonymous>)
    at C2eR (F:\app_extracted\main\index.js:7:3554108)
    at Z3bV (F:\app_extracted\main\index.js:7:3554900)
    at g819 (F:\app_extracted\main\index.js:7:3565738)
    at b3o8 (F:\app_extracted\main\index.js:349:448495)
    at W_Va.X$8p.<computed>.<computed> [as put] (F:\app_extracted\main\index.js:7:3599762)
    at F:\app_extracted\main\index.js:349:315866
[blocked] app.exit( 1 ) from
 Error
    at app.exit (F:\app_extracted\_trace.js:20:69)
    at Object.onError (F:\app_extracted\main\index.js:349:535255)
    at process.processTicksAndRejections (node:internal/process/task_queues:103:5)
